<?xml version="1.0" encoding="UTF-8"?>
<!-- Generated by org.testng.reporters.JUnitXMLReporter -->
<testsuite ignored="0" hostname="LAPTOP-7O5G4UOM" failures="0" tests="3" name="Default test" time="0.054" errors="0" timestamp="29 Mar 2021 01:29:03 GMT">
  <testcase classname="com.osa.base.Testing" name="test1" time="0.005"/>
  <testcase classname="com.osa.base.Testing" name="test2" time="0.001"/>
  <testcase classname="com.osa.base.Testing" name="test3" time="0.001"/>
</testsuite> <!-- Default test -->
