<?xml version="1.0" encoding="UTF-8"?>
<!-- Generated by org.testng.reporters.JUnitXMLReporter -->
<testsuite ignored="0" hostname="LAPTOP-KMLSJNFK" failures="1" tests="3" name="ChromeTest" time="46.161" errors="0" timestamp="2021-04-04T11:46:33 EDT">
  <testcase classname="com.osa.test.HomePage" name="verifyForumLogin" time="11.466">
    <failure type="java.lang.AssertionError" message="expected [Student Page] but found [OSA Consulting Tech - All the projects.]">
      <![CDATA[java.lang.AssertionError: expected [Student Page] but found [OSA Consulting Tech - All the projects.]
at com.osa.utility.Utils.verifyTitle(Utils.java:12)
at com.osa.test.HomePage.verifyForumLogin(HomePage.java:30)
at java.base/java.util.ArrayList.forEach(ArrayList.java:1511)
at java.base/java.util.concurrent.FutureTask.run(FutureTask.java:264)
at java.base/java.util.concurrent.ThreadPoolExecutor.runWorker(ThreadPoolExecutor.java:1130)
at java.base/java.util.concurrent.ThreadPoolExecutor$Worker.run(ThreadPoolExecutor.java:630)
at java.base/java.lang.Thread.run(Thread.java:832)
... Removed 24 stack frames]]>
    </failure>
  </testcase> <!-- verifyForumLogin -->
  <testcase classname="com.osa.test.HomePage" name="verifyForumPageTitle" time="5.917"/>
  <testcase classname="com.osa.test.HomePage" name="verifyHomePageTitle" time="5.012"/>
</testsuite> <!-- ChromeTest -->
